This is TeX, Version 3.14159 (Web2C 7.4.5) (format=latex 2005.2.1)  1 SEP 2005 13:58
**cvx_usrguide
(./cvx_usrguide.tex
LaTeX2e <2001/06/01>
Babel <v3.7h> and hyphenation patterns for american, french, german, ngerman, n
ohyphenation, loaded.
(/usr/share/texmf/tex/latex/base/article.cls
Document Class: article 2001/04/21 v1.4e Standard LaTeX document class
(/usr/share/texmf/tex/latex/base/size12.clo
File: size12.clo 2001/04/21 v1.4e Standard LaTeX file (size option)
)
\c@part=\count79
\c@section=\count80
\c@subsection=\count81
\c@subsubsection=\count82
\c@paragraph=\count83
\c@subparagraph=\count84
\c@figure=\count85
\c@table=\count86
\abovecaptionskip=\skip41
\belowcaptionskip=\skip42
\bibindent=\dimen102
) (./fullpage.sty
Style Option FULLPAGE Version 2 as of 15 Dec 1988
) (./islsymb.sty (/usr/share/texmf/tex/latex/amscls/amsthm.sty
Package: amsthm 2000/10/26 v2.08
\thm@style=\toks14
\thm@bodyfont=\toks15
\thm@headfont=\toks16
\thm@notefont=\toks17
\thm@headpunct=\toks18
\thm@preskip=\skip43
\thm@postskip=\skip44
\thm@headsep=\skip45
\dth@everypar=\toks19
)
(/usr/share/texmf/tex/latex/amsmath/amsmath.sty
Package: amsmath 2000/07/18 v2.13 AMS math features
\@mathmargin=\skip46

For additional information on amsmath, use the `?' option.
(/usr/share/texmf/tex/latex/amsmath/amstext.sty
Package: amstext 2000/06/29 v2.01

(/usr/share/texmf/tex/latex/amsmath/amsgen.sty
File: amsgen.sty 1999/11/30 v2.0
\@emptytoks=\toks20
\ex@=\dimen103
))
(/usr/share/texmf/tex/latex/amsmath/amsbsy.sty
Package: amsbsy 1999/11/29 v1.2d
\pmbraise@=\dimen104
)
(/usr/share/texmf/tex/latex/amsmath/amsopn.sty
Package: amsopn 1999/12/14 v2.01 operator names
)
\inf@bad=\count87
LaTeX Info: Redefining \frac on input line 211.
\uproot@=\count88
\leftroot@=\count89
LaTeX Info: Redefining \overline on input line 307.
\classnum@=\count90
\DOTSCASE@=\count91
LaTeX Info: Redefining \ldots on input line 379.
LaTeX Info: Redefining \dots on input line 382.
LaTeX Info: Redefining \cdots on input line 467.
\Mathstrutbox@=\box26
\strutbox@=\box27
\big@size=\dimen105
LaTeX Font Info:    Redeclaring font encoding OML on input line 567.
LaTeX Font Info:    Redeclaring font encoding OMS on input line 568.
\macc@depth=\count92
\c@MaxMatrixCols=\count93
\dotsspace@=\muskip10
\c@parentequation=\count94
\dspbrk@lvl=\count95
\tag@help=\toks21
\row@=\count96
\column@=\count97
\maxfields@=\count98
\andhelp@=\toks22
\eqnshift@=\dimen106
\alignsep@=\dimen107
\tagshift@=\dimen108
\tagwidth@=\dimen109
\totwidth@=\dimen110
\lineht@=\dimen111
\@envbody=\toks23
\multlinegap=\skip47
\multlinetaggap=\skip48
\mathdisplay@stack=\toks24
LaTeX Info: Redefining \[ on input line 2666.
LaTeX Info: Redefining \] on input line 2667.
)
(/usr/share/texmf/tex/latex/amsfonts/amssymb.sty
Package: amssymb 2002/01/22 v2.2d

(/usr/share/texmf/tex/latex/amsfonts/amsfonts.sty
Package: amsfonts 2001/10/25 v2.2f
\symAMSa=\mathgroup4
\symAMSb=\mathgroup5
LaTeX Font Info:    Overwriting math alphabet `\mathfrak' in version `bold'
(Font)                  U/euf/m/n --> U/euf/b/n on input line 132.
))
(/usr/share/texmf/tex/latex/tools/xspace.sty
Package: xspace 1997/10/13 v1.06 Space after command names (DPC)
)
(/usr/share/texmf/tex/latex/fancyvrb/fancyvrb.sty
Package: fancyvrb 2000/03/21

Style option: `fancyvrb' v2.7, with DG/SPQR fixes <2000/03/21> (tvz)
(/usr/share/texmf/tex/latex/graphics/keyval.sty
Package: keyval 1999/03/16 v1.13 key=value parser (DPC)
\KV@toks@=\toks25
)
\FV@CodeLineNo=\count99
\FV@InFile=\read1
\FV@TabBox=\box28
\c@FancyVerbLine=\count100
\FV@StepNumber=\count101
\FV@OutFile=\write3
)
(/usr/share/texmf/tex/latex/html/url.sty
Package: url 1999/03/02  ver 1.4  Verb mode for urls, email addresses, and file
 names
))
(/usr/share/texmf/tex/latex/graphics/graphicx.sty
Package: graphicx 1999/02/16 v1.0f Enhanced LaTeX Graphics (DPC,SPQR)

(/usr/share/texmf/tex/latex/graphics/graphics.sty
Package: graphics 2001/07/07 v1.0n Standard LaTeX Graphics (DPC,SPQR)

(/usr/share/texmf/tex/latex/graphics/trig.sty
Package: trig 1999/03/16 v1.09 sin cos tan (DPC)
)
(/usr/share/texmf/tex/latex/config/graphics.cfg
File: graphics.cfg 2001/08/31 v1.1 graphics configuration of teTeX/TeXLive
)
Package graphics Info: Driver file: dvips.def on input line 80.

(/usr/share/texmf/tex/latex/graphics/dvips.def
File: dvips.def 1999/02/16 v3.0i Driver-dependant file (DPC,SPQR)
))
\Gin@req@height=\dimen112
\Gin@req@width=\dimen113
) (./cvx_usrguide.aux)
\openout1 = `cvx_usrguide.aux'.

LaTeX Font Info:    Checking defaults for OML/cmm/m/it on input line 17.
LaTeX Font Info:    ... okay on input line 17.
LaTeX Font Info:    Checking defaults for T1/cmr/m/n on input line 17.
LaTeX Font Info:    ... okay on input line 17.
LaTeX Font Info:    Checking defaults for OT1/cmr/m/n on input line 17.
LaTeX Font Info:    ... okay on input line 17.
LaTeX Font Info:    Checking defaults for OMS/cmsy/m/n on input line 17.
LaTeX Font Info:    ... okay on input line 17.
LaTeX Font Info:    Checking defaults for OMX/cmex/m/n on input line 17.
LaTeX Font Info:    ... okay on input line 17.
LaTeX Font Info:    Checking defaults for U/cmr/m/n on input line 17.
LaTeX Font Info:    ... okay on input line 17.
LaTeX Font Info:    Try loading font information for U+msa on input line 18.

(/usr/share/texmf/tex/latex/amsfonts/umsa.fd
File: umsa.fd 2002/01/19 v2.2g AMS font definitions
)
LaTeX Font Info:    Try loading font information for U+msb on input line 18.

(/usr/share/texmf/tex/latex/amsfonts/umsb.fd
File: umsb.fd 2002/01/19 v2.2g AMS font definitions
) [1

]
LaTeX Font Info:    Try loading font information for OMS+cmr on input line 65.

(/usr/share/texmf/tex/latex/base/omscmr.fd
File: omscmr.fd 1999/05/25 v2.5h Standard LaTeX font definitions
)
LaTeX Font Info:    Font shape `OMS/cmr/m/n' in size <12> not available
(Font)              Font shape `OMS/cmsy/m/n' tried instead on input line 65.
 [2] [3] [4] [5] [6] [7] [8]
[9] [10]
File: tradeoff.eps Graphic file (type eps)
 <tradeoff.eps>
Underfull \hbox (badness 10000) in paragraph at lines 649--650

 []

[11] [12] [13] [14] [15] [16] [17] [18] [19] [20] [21] [22] [23] [24]
LaTeX Font Info:    Font shape `OT1/cmtt/bx/n' in size <17.28> not available
(Font)              Font shape `OT1/cmtt/m/n' tried instead on input line 1546.

 [25]
[26] [27] [28] [29] [30]
Overfull \hbox (18.47977pt too wide) in paragraph at lines 1912--1915
\OT1/cmr/m/n/12 packed []\OT1/cmtt/m/n/12 cvx.zip \OT1/cmr/m/n/12 on your Win-d
ows ma-chine into the di-rec-tory []\OT1/cmtt/m/n/12 C:\Matlab\personal\OT1/cmr
/m/n/12 ,
 []

[31] [32] [33] [34]
Overfull \hbox (13.39833pt too wide) in paragraph at lines 2167--2168
[][]\OT1/cmtt/m/n/12 complex_rotated_lorentz(n)\OT1/cmr/m/n/12 : $[]$ 
 []

[35]
Overfull \hbox (2.37628pt too wide) in paragraph at lines 2195--2199
[][]\OT1/cmtt/m/n/12 cvx_where\OT1/cmr/m/n/12 : re-turns the di-rec-tory where 
the \OT1/cmtt/m/n/12 cvx \OT1/cmr/m/n/12 dis-tri-bu-tion has been installed---
 []

[36] (./cvx_usrguide.bbl [37]) [38] (./cvx_usrguide.aux) ) 
Here is how much of TeX's memory you used:
 2125 strings out of 95847
 24841 string characters out of 1195949
 77343 words of memory out of 1000001
 5034 multiletter control sequences out of 10000+50000
 15796 words of font info for 62 fonts, out of 500000 for 1000
 14 hyphenation exceptions out of 1000
 34i,14n,26p,207b,419s stack positions out of 1500i,500n,5000p,200000b,5000s

Output written on cvx_usrguide.dvi (38 pages, 113184 bytes).
